2025-11-19 15:25:48,497 [INFO] === S3 Upload Manager Web Interface Started ===
2025-11-19 15:25:48,498 [INFO] Scheduler started
2025-11-19 15:25:48,499 [INFO] Scheduler started
2025-11-19 15:25:49,902 [INFO] Client connected to S3 Upload Manager
2025-11-19 15:25:49,996 [INFO] Client connected to S3 Upload Manager
2025-11-19 15:25:53,739 [INFO] Client disconnected
2025-11-19 15:25:53,815 [ERROR] Exception on / [GET]
Traceback (most recent call last):
  File "/home/administrator/Рабочий стол/backups S3 replication/venv/lib/python3.13/site-packages/flask/app.py", line 1511, in wsgi_app
    response = self.full_dispatch_request()
  File "/home/administrator/Рабочий стол/backups S3 replication/venv/lib/python3.13/site-packages/flask/app.py", line 919, in full_dispatch_request
    rv = self.handle_user_exception(e)
  File "/home/administrator/Рабочий стол/backups S3 replication/venv/lib/python3.13/site-packages/flask/app.py", line 917, in full_dispatch_request
    rv = self.dispatch_request()
  File "/home/administrator/Рабочий стол/backups S3 replication/venv/lib/python3.13/site-packages/flask/app.py", line 902, in dispatch_request
    return self.ensure_sync(self.view_functions[rule.endpoint])(**view_args)  # type: ignore[no-any-return]
           ~~~~~~~~~~~~~~~~~~~~~~~~~~~~~~~~~~~~~~~~~~~~~~~~~~~~^^^^^^^^^^^^^
  File "/home/administrator/Рабочий стол/backups S3 replication/web_app.py", line 301, in index
    return render_template('index.html', config=get_config())
  File "/home/administrator/Рабочий стол/backups S3 replication/venv/lib/python3.13/site-packages/flask/templating.py", line 150, in render_template
    return _render(app, template, context)
  File "/home/administrator/Рабочий стол/backups S3 replication/venv/lib/python3.13/site-packages/flask/templating.py", line 131, in _render
    rv = template.render(context)
  File "/home/administrator/Рабочий стол/backups S3 replication/venv/lib/python3.13/site-packages/jinja2/environment.py", line 1295, in render
    self.environment.handle_exception()
    ~~~~~~~~~~~~~~~~~~~~~~~~~~~~~~~~~^^
  File "/home/administrator/Рабочий стол/backups S3 replication/venv/lib/python3.13/site-packages/jinja2/environment.py", line 942, in handle_exception
    raise rewrite_traceback_stack(source=source)
  File "/home/administrator/Рабочий стол/backups S3 replication/templates/index.html", line 24, in top-level template code
    <a href="{{ url_for('scheduler') }}" class="btn btn-outline-primary me-3">
    ^^^^^^^^^
  File "/home/administrator/Рабочий стол/backups S3 replication/venv/lib/python3.13/site-packages/flask/app.py", line 1121, in url_for
    return self.handle_url_build_error(error, endpoint, values)
           ~~~~~~~~~~~~~~~~~~~~~~~~~~~^^^^^^^^^^^^^^^^^^^^^^^^^
  File "/home/administrator/Рабочий стол/backups S3 replication/venv/lib/python3.13/site-packages/flask/app.py", line 1110, in url_for
    rv = url_adapter.build(  # type: ignore[union-attr]
        endpoint,
    ...<3 lines>...
        force_external=_external,
    )
  File "/home/administrator/Рабочий стол/backups S3 replication/venv/lib/python3.13/site-packages/werkzeug/routing/map.py", line 924, in build
    raise BuildError(endpoint, values, method, self)
werkzeug.routing.exceptions.BuildError: Could not build url for endpoint 'scheduler'. Did you mean 'scheduler_page' instead?
